<?xml version="1.0" encoding="UTF-8"?>
<!-- Generated by org.testng.reporters.JUnitReportReporter -->
<testsuite hostname="DESKTOP-INDRAJIT" failures="0" tests="3" name="rahulshettyacademy.tests.SubmitOrderTest" time="61.941" errors="0" timestamp="2025-05-13T14:46:16 IST" skipped="0">
  <testcase classname="rahulshettyacademy.tests.SubmitOrderTest" name="submitOrder" time="16.795"/>
  <testcase classname="rahulshettyacademy.tests.SubmitOrderTest" name="orderHistoryTest" time="28.556"/>
  <testcase classname="rahulshettyacademy.tests.SubmitOrderTest" name="submitOrder" time="16.590"/>
</testsuite> <!-- rahulshettyacademy.tests.SubmitOrderTest -->
