<?xml version="1.0" encoding="UTF-8"?>
<!-- Generated by org.testng.reporters.JUnitReportReporter -->
<testsuite hostname="DESKTOP-INDRAJIT" failures="0" tests="2" name="rahulshettyacademy.tests.ErrorValidation" time="20.438" errors="0" timestamp="2025-05-14T19:07:20 IST" skipped="0">
  <testcase classname="rahulshettyacademy.tests.ErrorValidation" name="productNameValidation" time="18.791"/>
  <testcase classname="rahulshettyacademy.tests.ErrorValidation" name="submitOrder" time="1.647"/>
</testsuite> <!-- rahulshettyacademy.tests.ErrorValidation -->
