<?xml version="1.0" encoding="UTF-8"?>
<!-- Generated by org.testng.reporters.JUnitReportReporter -->
<testsuite hostname="DESKTOP-INDRAJIT" failures="0" tests="1" name="rahulshettyacademy.tests.ErrorValidation" time="5.063" errors="0" timestamp="2025-05-06T19:14:02 IST" skipped="0">
  <testcase classname="rahulshettyacademy.tests.ErrorValidation" name="submitOrder" time="5.063"/>
</testsuite> <!-- rahulshettyacademy.tests.ErrorValidation -->
