<?xml version="1.0" encoding="UTF-8"?>
<!-- Generated by org.testng.reporters.JUnitReportReporter -->
<testsuite hostname="DESKTOP-INDRAJIT" failures="0" tests="2" name="rahulshettyacademy.tests.SubmitOrderTest" time="33.526" errors="0" timestamp="2025-05-06T19:15:16 IST" skipped="0">
  <testcase classname="rahulshettyacademy.tests.SubmitOrderTest" name="submitOrder" time="17.035"/>
  <testcase classname="rahulshettyacademy.tests.SubmitOrderTest" name="submitOrder" time="16.491"/>
</testsuite> <!-- rahulshettyacademy.tests.SubmitOrderTest -->
